Started GET "/" for ::1 at 2024-02-23 14:45:40 +0000
Processing by Rails::WelcomeController#index as HTML
  Rendering /Users/kashif.atcha/.rbenv/versions/2.7.5/lib/ruby/gems/2.7.0/gems/railties-7.0.8.1/lib/rails/templates/rails/welcome/index.html.erb
  Rendered /Users/kashif.atcha/.rbenv/versions/2.7.5/lib/ruby/gems/2.7.0/gems/railties-7.0.8.1/lib/rails/templates/rails/welcome/index.html.erb (Duration: 10.3ms | Allocations: 773)
Completed 200 OK in 112ms (Views: 27.3ms | ActiveRecord: 0.0ms | Allocations: 9061)


Started GET "/" for ::1 at 2024-04-16 14:00:16 +0100
Processing by ArticlesController#index as HTML
  Rendering layout layouts/application.html.erb
  Rendering articles/index.html.erb within layouts/application
  Rendered articles/index.html.erb within layouts/application (Duration: 4.4ms | Allocations: 319)
  Rendered layout layouts/application.html.erb (Duration: 276.1ms | Allocations: 91357)
Completed 200 OK in 358ms (Views: 290.0ms | ActiveRecord: 0.0ms | Allocations: 97396)


  [1m[35m (0.7ms)[0m  [1m[35mCREATE TABLE "schema_migrations" ("version" varchar NOT NULL PRIMARY KEY)[0m
  [1m[35m (0.5ms)[0m  [1m[35mCREATE TABLE "ar_internal_metadata" ("key" varchar NOT NULL PRIMARY KEY, "value" varchar, "created_at" datetime(6) NOT NULL, "updated_at" datetime(6) NOT NULL)[0m
  [1m[36mActiveRecord::SchemaMigration Pluck (0.0ms)[0m  [1m[34mSELECT "schema_migrations"."version" FROM "schema_migrations" ORDER BY "schema_migrations"."version" ASC[0m
Migrating to CreateArticles (20240416130153)
  [1m[36mTRANSACTION (0.0ms)[0m  [1m[36mbegin transaction[0m
  [1m[35m (0.3ms)[0m  [1m[35mCREATE TABLE "articles" ("id" integer PRIMARY KEY AUTOINCREMENT NOT NULL, "title" varchar, "body" text, "created_at" datetime(6) NOT NULL, "updated_at" datetime(6) NOT NULL)[0m
  [1m[36mActiveRecord::SchemaMigration Create (0.1ms)[0m  [1m[32mINSERT INTO "schema_migrations" ("version") VALUES (?)[0m  [["version", "20240416130153"]]
  [1m[36mTRANSACTION (0.7ms)[0m  [1m[36mcommit transaction[0m
  [1m[36mActiveRecord::InternalMetadata Load (0.1ms)[0m  [1m[34mSELECT "ar_internal_metadata".* FROM "ar_internal_metadata" WHERE "ar_internal_metadata"."key" = ? LIMIT ?[0m  [["key", "environment"], ["LIMIT", 1]]
  [1m[36mTRANSACTION (0.0ms)[0m  [1m[36mbegin transaction[0m
  [1m[36mActiveRecord::InternalMetadata Create (0.2ms)[0m  [1m[32mINSERT INTO "ar_internal_metadata" ("key", "value", "created_at", "updated_at") VALUES (?, ?, ?, ?)[0m  [["key", "environment"], ["value", "development"], ["created_at", "2024-04-16 13:03:38.537107"], ["updated_at", "2024-04-16 13:03:38.537107"]]
  [1m[36mTRANSACTION (0.5ms)[0m  [1m[36mcommit transaction[0m
  [1m[36mActiveRecord::SchemaMigration Pluck (0.0ms)[0m  [1m[34mSELECT "schema_migrations"."version" FROM "schema_migrations" ORDER BY "schema_migrations"."version" ASC[0m
  [1m[36mTRANSACTION (0.1ms)[0m  [1m[36mbegin transaction[0m
  [1m[36mArticle Create (1.2ms)[0m  [1m[32mINSERT INTO "articles" ("title", "body", "created_at", "updated_at") VALUES (?, ?, ?, ?)[0m  [["title", "Hello Rails"], ["body", "I am on Rails!"], ["created_at", "2024-04-16 13:04:51.092167"], ["updated_at", "2024-04-16 13:04:51.092167"]]
  [1m[36mTRANSACTION (1.7ms)[0m  [1m[36mcommit transaction[0m
  [1m[36mArticle Load (0.4ms)[0m  [1m[34mSELECT "articles".* FROM "articles" WHERE "articles"."id" = ? LIMIT ?[0m  [["id", 1], ["LIMIT", 1]]
  [1m[36mArticle Load (0.4ms)[0m  [1m[34mSELECT "articles".* FROM "articles"[0m
Started GET "/" for ::1 at 2024-04-16 14:10:25 +0100
  [1m[36mActiveRecord::SchemaMigration Pluck (0.0ms)[0m  [1m[34mSELECT "schema_migrations"."version" FROM "schema_migrations" ORDER BY "schema_migrations"."version" ASC[0m
Processing by ArticlesController#index as HTML
  Rendering layout layouts/application.html.erb
  Rendering articles/index.html.erb within layouts/application
  [1m[36mArticle Load (0.1ms)[0m  [1m[34mSELECT "articles".* FROM "articles"[0m
  ↳ app/views/articles/index.html.erb:4
  Rendered articles/index.html.erb within layouts/application (Duration: 25.7ms | Allocations: 21746)
  Rendered layout layouts/application.html.erb (Duration: 25.9ms | Allocations: 21820)
Completed 500 Internal Server Error in 49ms (ActiveRecord: 0.3ms | Allocations: 28216)


  
ActionView::Template::Error (undefined local variable or method `article' for #<ActionView::Base:0x0000000000aa78>
Did you mean?  artricle
               @articles):
    3: <ul>
    4:   <% @articles.each do |artricle| %>
    5:     <li>
    6:       <%= article.title %>
    7:     </li>
    8:   <% end %>
    9: </ul>
  
app/views/articles/index.html.erb:6
app/views/articles/index.html.erb:4
Started GET "/" for ::1 at 2024-04-16 14:10:44 +0100
  [1m[36mActiveRecord::SchemaMigration Pluck (0.1ms)[0m  [1m[34mSELECT "schema_migrations"."version" FROM "schema_migrations" ORDER BY "schema_migrations"."version" ASC[0m
Processing by ArticlesController#index as HTML
  Rendering layout layouts/application.html.erb
  Rendering articles/index.html.erb within layouts/application
  [1m[36mArticle Load (0.1ms)[0m  [1m[34mSELECT "articles".* FROM "articles"[0m
  ↳ app/views/articles/index.html.erb:4
  Rendered articles/index.html.erb within layouts/application (Duration: 20.4ms | Allocations: 21222)
  Rendered layout layouts/application.html.erb (Duration: 20.6ms | Allocations: 21296)
Completed 500 Internal Server Error in 38ms (ActiveRecord: 0.4ms | Allocations: 27691)


  
ActionView::Template::Error (undefined local variable or method `articles' for #<ActionView::Base:0x0000000000aa78>
Did you mean?  @articles
               artricle):
    3: <ul>
    4:   <% @articles.each do |artricle| %>
    5:     <li>
    6:       <%= articles.title %>
    7:     </li>
    8:   <% end %>
    9: </ul>
  
app/views/articles/index.html.erb:6
app/views/articles/index.html.erb:4
Started GET "/" for ::1 at 2024-04-16 14:11:37 +0100
  [1m[36mActiveRecord::SchemaMigration Pluck (0.1ms)[0m  [1m[34mSELECT "schema_migrations"."version" FROM "schema_migrations" ORDER BY "schema_migrations"."version" ASC[0m
Processing by ArticlesController#index as HTML
  Rendering layout layouts/application.html.erb
  Rendering articles/index.html.erb within layouts/application
  [1m[36mArticle Load (0.2ms)[0m  [1m[34mSELECT "articles".* FROM "articles"[0m
  ↳ app/views/articles/index.html.erb:4
  Rendered articles/index.html.erb within layouts/application (Duration: 22.1ms | Allocations: 21224)
  Rendered layout layouts/application.html.erb (Duration: 22.2ms | Allocations: 21298)
Completed 500 Internal Server Error in 48ms (ActiveRecord: 0.5ms | Allocations: 27693)


  
ActionView::Template::Error (undefined local variable or method `article' for #<ActionView::Base:0x0000000000aa50>
Did you mean?  artricle
               @articles):
    3: <ul>
    4:   <% @articles.each do |artricle| %>
    5:     <li>
    6:       <%= article.title %>
    7:     </li>
    8:   <% end %>
    9: </ul>
  
app/views/articles/index.html.erb:6
app/views/articles/index.html.erb:4
Started GET "/" for ::1 at 2024-04-16 14:11:55 +0100
Processing by ArticlesController#index as HTML
  Rendering layout layouts/application.html.erb
  Rendering articles/index.html.erb within layouts/application
  [1m[36mArticle Load (0.1ms)[0m  [1m[34mSELECT "articles".* FROM "articles"[0m
  ↳ app/views/articles/index.html.erb:4
  Rendered articles/index.html.erb within layouts/application (Duration: 1.4ms | Allocations: 704)
  Rendered layout layouts/application.html.erb (Duration: 32.5ms | Allocations: 33577)
Completed 200 OK in 36ms (Views: 34.3ms | ActiveRecord: 0.1ms | Allocations: 34580)


Started GET "/" for ::1 at 2024-04-16 14:15:28 +0100
Processing by ArticlesController#index as HTML
  Rendering layout layouts/application.html.erb
  Rendering articles/index.html.erb within layouts/application
  [1m[36mArticle Load (0.0ms)[0m  [1m[34mSELECT "articles".* FROM "articles"[0m
  ↳ app/views/articles/index.html.erb:4
  Rendered articles/index.html.erb within layouts/application (Duration: 2.8ms | Allocations: 2271)
  Rendered layout layouts/application.html.erb (Duration: 14.1ms | Allocations: 17709)
Completed 200 OK in 19ms (Views: 14.9ms | ActiveRecord: 0.4ms | Allocations: 19061)


Started GET "/" for ::1 at 2024-04-16 14:15:30 +0100
Processing by ArticlesController#index as HTML
  Rendering layout layouts/application.html.erb
  Rendering articles/index.html.erb within layouts/application
  [1m[36mArticle Load (0.2ms)[0m  [1m[34mSELECT "articles".* FROM "articles"[0m
  ↳ app/views/articles/index.html.erb:4
  Rendered articles/index.html.erb within layouts/application (Duration: 1.9ms | Allocations: 508)
  Rendered layout layouts/application.html.erb (Duration: 7.7ms | Allocations: 1980)
Completed 200 OK in 10ms (Views: 8.2ms | ActiveRecord: 0.2ms | Allocations: 2243)


Started GET "/articles/1" for ::1 at 2024-04-16 14:15:48 +0100
Processing by ArticlesController#show as HTML
  Parameters: {"id"=>"1"}
  [1m[36mArticle Load (0.2ms)[0m  [1m[34mSELECT "articles".* FROM "articles" WHERE "articles"."id" = ? LIMIT ?[0m  [["id", 1], ["LIMIT", 1]]
  ↳ app/controllers/articles_controller.rb:7:in `show'
  Rendering layout layouts/application.html.erb
  Rendering articles/show.html.erb within layouts/application
  Rendered articles/show.html.erb within layouts/application (Duration: 1.0ms | Allocations: 150)
  Rendered layout layouts/application.html.erb (Duration: 5.0ms | Allocations: 1612)
Completed 200 OK in 12ms (Views: 5.6ms | ActiveRecord: 0.2ms | Allocations: 4091)


Started GET "/" for ::1 at 2024-04-16 14:17:57 +0100
Processing by ArticlesController#index as HTML
  Rendering layout layouts/application.html.erb
  Rendering articles/index.html.erb within layouts/application
  [1m[36mArticle Load (0.2ms)[0m  [1m[34mSELECT "articles".* FROM "articles"[0m
  ↳ app/views/articles/index.html.erb:4
  Rendered articles/index.html.erb within layouts/application (Duration: 2.6ms | Allocations: 720)
  Rendered layout layouts/application.html.erb (Duration: 9.1ms | Allocations: 2434)
Completed 200 OK in 15ms (Views: 12.1ms | ActiveRecord: 0.2ms | Allocations: 3419)


Started GET "/articles/1" for ::1 at 2024-04-16 14:17:58 +0100
Processing by ArticlesController#show as HTML
  Parameters: {"id"=>"1"}
  [1m[36mArticle Load (0.1ms)[0m  [1m[34mSELECT "articles".* FROM "articles" WHERE "articles"."id" = ? LIMIT ?[0m  [["id", 1], ["LIMIT", 1]]
  ↳ app/controllers/articles_controller.rb:7:in `show'
  Rendering layout layouts/application.html.erb
  Rendering articles/show.html.erb within layouts/application
  Rendered articles/show.html.erb within layouts/application (Duration: 0.6ms | Allocations: 145)
  Rendered layout layouts/application.html.erb (Duration: 4.4ms | Allocations: 1619)
Completed 200 OK in 7ms (Views: 4.8ms | ActiveRecord: 0.1ms | Allocations: 2363)


Started GET "/" for ::1 at 2024-04-16 14:35:24 +0100
Processing by ArticlesController#index as HTML
  Rendering layout layouts/application.html.erb
  Rendering articles/index.html.erb within layouts/application
  [1m[36mArticle Load (0.1ms)[0m  [1m[34mSELECT "articles".* FROM "articles"[0m
  ↳ app/views/articles/index.html.erb:4
  Rendered articles/index.html.erb within layouts/application (Duration: 2.9ms | Allocations: 1696)
  Rendered layout layouts/application.html.erb (Duration: 13.7ms | Allocations: 16905)
Completed 200 OK in 18ms (Views: 14.2ms | ActiveRecord: 0.2ms | Allocations: 17885)


Started GET "/articles/1" for ::1 at 2024-04-16 14:35:25 +0100
Processing by ArticlesController#show as HTML
  Parameters: {"id"=>"1"}
  [1m[36mArticle Load (0.2ms)[0m  [1m[34mSELECT "articles".* FROM "articles" WHERE "articles"."id" = ? LIMIT ?[0m  [["id", 1], ["LIMIT", 1]]
  ↳ app/controllers/articles_controller.rb:7:in `show'
  Rendering layout layouts/application.html.erb
  Rendering articles/show.html.erb within layouts/application
  Rendered articles/show.html.erb within layouts/application (Duration: 0.1ms | Allocations: 12)
  Rendered layout layouts/application.html.erb (Duration: 7.6ms | Allocations: 1478)
Completed 200 OK in 12ms (Views: 8.1ms | ActiveRecord: 0.2ms | Allocations: 2738)


Started GET "/" for ::1 at 2024-04-16 14:35:27 +0100
Processing by ArticlesController#index as HTML
  Rendering layout layouts/application.html.erb
  Rendering articles/index.html.erb within layouts/application
  [1m[36mArticle Load (0.3ms)[0m  [1m[34mSELECT "articles".* FROM "articles"[0m
  ↳ app/views/articles/index.html.erb:4
  Rendered articles/index.html.erb within layouts/application (Duration: 1.7ms | Allocations: 510)
  Rendered layout layouts/application.html.erb (Duration: 5.7ms | Allocations: 2000)
Completed 200 OK in 8ms (Views: 6.1ms | ActiveRecord: 0.3ms | Allocations: 2262)


Started GET "/" for ::1 at 2024-04-16 14:39:43 +0100
  [1m[36mActiveRecord::SchemaMigration Pluck (0.0ms)[0m  [1m[34mSELECT "schema_migrations"."version" FROM "schema_migrations" ORDER BY "schema_migrations"."version" ASC[0m
Processing by ArticlesController#index as HTML
  Rendering layout layouts/application.html.erb
  Rendering articles/index.html.erb within layouts/application
  [1m[36mArticle Load (0.1ms)[0m  [1m[34mSELECT "articles".* FROM "articles"[0m
  ↳ app/views/articles/index.html.erb:4
  Rendered articles/index.html.erb within layouts/application (Duration: 6.6ms | Allocations: 16402)
  Rendered layout layouts/application.html.erb (Duration: 51.4ms | Allocations: 49290)
Completed 200 OK in 82ms (Views: 62.5ms | ActiveRecord: 0.3ms | Allocations: 55712)


Started GET "/articles/1" for ::1 at 2024-04-16 14:39:44 +0100
Processing by ArticlesController#show as HTML
  Parameters: {"id"=>"1"}
  [1m[36mArticle Load (0.2ms)[0m  [1m[34mSELECT "articles".* FROM "articles" WHERE "articles"."id" = ? LIMIT ?[0m  [["id", 1], ["LIMIT", 1]]
  ↳ app/controllers/articles_controller.rb:7:in `show'
  Rendering layout layouts/application.html.erb
  Rendering articles/show.html.erb within layouts/application
  Rendered articles/show.html.erb within layouts/application (Duration: 5.8ms | Allocations: 150)
  Rendered layout layouts/application.html.erb (Duration: 8.7ms | Allocations: 1618)
Completed 200 OK in 15ms (Views: 9.2ms | ActiveRecord: 0.2ms | Allocations: 4098)


Started GET "/" for ::1 at 2024-04-16 14:56:43 +0100
Processing by ArticlesController#index as HTML
  Rendering layout layouts/application.html.erb
  Rendering articles/index.html.erb within layouts/application
  [1m[36mArticle Load (0.1ms)[0m  [1m[34mSELECT "articles".* FROM "articles"[0m
  ↳ app/views/articles/index.html.erb:4
  Rendered articles/index.html.erb within layouts/application (Duration: 3.2ms | Allocations: 1933)
  Rendered layout layouts/application.html.erb (Duration: 16.0ms | Allocations: 17369)
Completed 200 OK in 21ms (Views: 17.1ms | ActiveRecord: 0.3ms | Allocations: 18723)


Started GET "/articles/1" for ::1 at 2024-04-16 14:56:45 +0100
Processing by ArticlesController#show as HTML
  Parameters: {"id"=>"1"}
  [1m[36mArticle Load (0.3ms)[0m  [1m[34mSELECT "articles".* FROM "articles" WHERE "articles"."id" = ? LIMIT ?[0m  [["id", 1], ["LIMIT", 1]]
  ↳ app/controllers/articles_controller.rb:7:in `show'
  Rendering layout layouts/application.html.erb
  Rendering articles/show.html.erb within layouts/application
  Rendered articles/show.html.erb within layouts/application (Duration: 1.0ms | Allocations: 151)
  Rendered layout layouts/application.html.erb (Duration: 3.1ms | Allocations: 1645)
Completed 200 OK in 7ms (Views: 3.6ms | ActiveRecord: 0.3ms | Allocations: 2979)


Started GET "/articles/new" for ::1 at 2024-04-16 15:03:08 +0100
Processing by ArticlesController#new as HTML
  Rendering layout layouts/application.html.erb
  Rendering articles/new.html.erb within layouts/application
  Rendered articles/new.html.erb within layouts/application (Duration: 17.5ms | Allocations: 2704)
  Rendered layout layouts/application.html.erb (Duration: 27.6ms | Allocations: 17983)
Completed 200 OK in 35ms (Views: 29.2ms | ActiveRecord: 0.2ms | Allocations: 20632)


Started POST "/articles" for ::1 at 2024-04-16 15:03:20 +0100
Processing by ArticlesController#create as TURBO_STREAM
  Parameters: {"authenticity_token"=>"[FILTERED]", "article"=>{"title"=>"hi"}}
  Rendering layout layouts/application.html.erb
  Rendering articles/new.html.erb within layouts/application
  Rendered articles/new.html.erb within layouts/application (Duration: 2.6ms | Allocations: 1865)
  Rendered layout layouts/application.html.erb (Duration: 6.2ms | Allocations: 3181)
Completed 422 Unprocessable Entity in 10ms (Views: 7.1ms | ActiveRecord: 0.0ms | Allocations: 4326)


Started GET "/" for ::1 at 2024-04-16 15:03:59 +0100
Processing by ArticlesController#index as HTML
  Rendering layout layouts/application.html.erb
  Rendering articles/index.html.erb within layouts/application
  [1m[36mArticle Load (0.3ms)[0m  [1m[34mSELECT "articles".* FROM "articles"[0m
  ↳ app/views/articles/index.html.erb:4
  Rendered articles/index.html.erb within layouts/application (Duration: 3.5ms | Allocations: 790)
  Rendered layout layouts/application.html.erb (Duration: 8.1ms | Allocations: 2275)
Completed 200 OK in 11ms (Views: 8.5ms | ActiveRecord: 0.3ms | Allocations: 2622)


Started GET "/articles/new" for ::1 at 2024-04-16 15:04:02 +0100
Processing by ArticlesController#new as HTML
  Rendering layout layouts/application.html.erb
  Rendering articles/new.html.erb within layouts/application
  Rendered articles/new.html.erb within layouts/application (Duration: 1.1ms | Allocations: 969)
  Rendered layout layouts/application.html.erb (Duration: 2.8ms | Allocations: 2291)
Completed 200 OK in 6ms (Views: 3.3ms | ActiveRecord: 0.0ms | Allocations: 2555)


Started GET "/articles/new" for ::1 at 2024-04-16 15:04:31 +0100
Processing by ArticlesController#new as HTML
  Rendering layout layouts/application.html.erb
  Rendering articles/new.html.erb within layouts/application
  Rendered articles/new.html.erb within layouts/application (Duration: 1.4ms | Allocations: 1331)
  Rendered layout layouts/application.html.erb (Duration: 4.8ms | Allocations: 2891)
Completed 200 OK in 7ms (Views: 6.3ms | ActiveRecord: 0.0ms | Allocations: 3877)


Started POST "/articles" for ::1 at 2024-04-16 15:04:37 +0100
Processing by ArticlesController#create as TURBO_STREAM
  Parameters: {"authenticity_token"=>"[FILTERED]", "article"=>{"title"=>"Arsenal were jammy on the weekend", "body"=>"j"}, "commit"=>"Create Article"}
  Rendering layout layouts/application.html.erb
  Rendering articles/new.html.erb within layouts/application
  Rendered articles/new.html.erb within layouts/application (Duration: 2.3ms | Allocations: 1798)
  Rendered layout layouts/application.html.erb (Duration: 5.2ms | Allocations: 3112)
Completed 422 Unprocessable Entity in 10ms (Views: 6.0ms | ActiveRecord: 0.0ms | Allocations: 4158)


Started POST "/articles" for ::1 at 2024-04-16 15:04:47 +0100
Processing by ArticlesController#create as TURBO_STREAM
  Parameters: {"authenticity_token"=>"[FILTERED]", "article"=>{"title"=>"ghkjhujki", "body"=>"khjgkjgkhujgkujghkj"}, "commit"=>"Create Article"}
  Rendering layout layouts/application.html.erb
  Rendering articles/new.html.erb within layouts/application
  Rendered articles/new.html.erb within layouts/application (Duration: 2.8ms | Allocations: 1791)
  Rendered layout layouts/application.html.erb (Duration: 6.3ms | Allocations: 3105)
Completed 422 Unprocessable Entity in 10ms (Views: 7.2ms | ActiveRecord: 0.0ms | Allocations: 4102)


Started POST "/articles" for ::1 at 2024-04-16 15:05:02 +0100
Processing by ArticlesController#create as TURBO_STREAM
  Parameters: {"authenticity_token"=>"[FILTERED]", "article"=>{"title"=>"yo", "body"=>"gfhjgfjhfhfhjfjhnbvtdftdfyfc"}, "commit"=>"Create Article"}
  Rendering layout layouts/application.html.erb
  Rendering articles/new.html.erb within layouts/application
  Rendered articles/new.html.erb within layouts/application (Duration: 2.7ms | Allocations: 1791)
  Rendered layout layouts/application.html.erb (Duration: 9.4ms | Allocations: 3105)
Completed 422 Unprocessable Entity in 14ms (Views: 10.3ms | ActiveRecord: 0.0ms | Allocations: 4092)


Started GET "/" for ::1 at 2024-04-16 15:05:05 +0100
Processing by ArticlesController#index as HTML
  Rendering layout layouts/application.html.erb
  Rendering articles/index.html.erb within layouts/application
  [1m[36mArticle Load (0.2ms)[0m  [1m[34mSELECT "articles".* FROM "articles"[0m
  ↳ app/views/articles/index.html.erb:4
  Rendered articles/index.html.erb within layouts/application (Duration: 3.5ms | Allocations: 746)
  Rendered layout layouts/application.html.erb (Duration: 13.5ms | Allocations: 2235)
Completed 200 OK in 16ms (Views: 13.9ms | ActiveRecord: 0.2ms | Allocations: 2552)


Started GET "/" for ::1 at 2024-04-16 15:06:29 +0100
Processing by ArticlesController#index as HTML
  Rendering layout layouts/application.html.erb
  Rendering articles/index.html.erb within layouts/application
  [1m[36mArticle Load (0.2ms)[0m  [1m[34mSELECT "articles".* FROM "articles"[0m
  ↳ app/views/articles/index.html.erb:4
  Rendered articles/index.html.erb within layouts/application (Duration: 2.8ms | Allocations: 802)
  Rendered layout layouts/application.html.erb (Duration: 7.5ms | Allocations: 2507)
Completed 200 OK in 15ms (Views: 12.7ms | ActiveRecord: 0.2ms | Allocations: 3493)


Started GET "/articles/new" for ::1 at 2024-04-16 15:06:30 +0100
Processing by ArticlesController#new as HTML
  Rendering layout layouts/application.html.erb
  Rendering articles/new.html.erb within layouts/application
  Rendered articles/new.html.erb within layouts/application (Duration: 3.0ms | Allocations: 1353)
  Rendered layout layouts/application.html.erb (Duration: 9.2ms | Allocations: 2681)
Completed 200 OK in 12ms (Views: 9.9ms | ActiveRecord: 0.0ms | Allocations: 3002)


Started POST "/articles" for ::1 at 2024-04-16 15:06:36 +0100
Processing by ArticlesController#create as TURBO_STREAM
  Parameters: {"authenticity_token"=>"[FILTERED]", "article"=>{"title"=>"hi", "body"=>",mbnkjgugkjgkjgbkjbn"}, "commit"=>"Create Article"}
  Rendering layout layouts/application.html.erb
  Rendering articles/new.html.erb within layouts/application
  Rendered articles/new.html.erb within layouts/application (Duration: 2.5ms | Allocations: 1791)
  Rendered layout layouts/application.html.erb (Duration: 6.0ms | Allocations: 3105)
Completed 422 Unprocessable Entity in 10ms (Views: 6.8ms | ActiveRecord: 0.0ms | Allocations: 4146)


Started GET "/articles/new" for ::1 at 2024-04-16 15:08:03 +0100
  
SyntaxError (/Users/kashif.atcha/marketplace-app/app/controllers/articles_controller.rb:15: syntax error, unexpected ','
...@article = Article.new(title: , body: )
...                              ^
):
  
app/controllers/articles_controller.rb:15: syntax error, unexpected ','
app/controllers/articles_controller.rb:15: syntax error, unexpected ','
Started GET "/articles/new" for ::1 at 2024-04-16 15:08:21 +0100
  
SyntaxError (/Users/kashif.atcha/marketplace-app/app/controllers/articles_controller.rb:15: syntax error, unexpected ','
... @article = Article.new(title:, body: )
...                              ^
):
  
app/controllers/articles_controller.rb:15: syntax error, unexpected ','
app/controllers/articles_controller.rb:15: syntax error, unexpected ','
Started GET "/articles/new" for ::1 at 2024-04-16 15:08:36 +0100
Processing by ArticlesController#new as HTML
  Rendering layout layouts/application.html.erb
  Rendering articles/new.html.erb within layouts/application
  Rendered articles/new.html.erb within layouts/application (Duration: 0.8ms | Allocations: 985)
  Rendered layout layouts/application.html.erb (Duration: 9.9ms | Allocations: 16133)
Completed 200 OK in 16ms (Views: 10.4ms | ActiveRecord: 0.3ms | Allocations: 18764)


Started POST "/articles" for ::1 at 2024-04-16 15:08:42 +0100
Processing by ArticlesController#create as TURBO_STREAM
  Parameters: {"authenticity_token"=>"[FILTERED]", "article"=>{"title"=>"Arsenal were jammy on the weekend", "body"=>"jhgjhghjkghjkgkjgkj"}, "commit"=>"Create Article"}
  Rendering layout layouts/application.html.erb
  Rendering articles/new.html.erb within layouts/application
  Rendered articles/new.html.erb within layouts/application (Duration: 2.5ms | Allocations: 3753)
  Rendered layout layouts/application.html.erb (Duration: 4.4ms | Allocations: 5073)
Completed 422 Unprocessable Entity in 7ms (Views: 4.9ms | ActiveRecord: 0.0ms | Allocations: 6141)


Started GET "/" for ::1 at 2024-04-16 15:11:15 +0100
Processing by ArticlesController#index as HTML
  Rendering layout layouts/application.html.erb
  Rendering articles/index.html.erb within layouts/application
  [1m[36mArticle Load (0.1ms)[0m  [1m[34mSELECT "articles".* FROM "articles"[0m
  ↳ app/views/articles/index.html.erb:4
  Rendered articles/index.html.erb within layouts/application (Duration: 3.2ms | Allocations: 2137)
  Rendered layout layouts/application.html.erb (Duration: 14.7ms | Allocations: 17365)
Completed 200 OK in 18ms (Views: 14.9ms | ActiveRecord: 0.6ms | Allocations: 18484)


Started GET "/articles/new" for ::1 at 2024-04-16 15:11:16 +0100
Processing by ArticlesController#new as HTML
  Rendering layout layouts/application.html.erb
  Rendering articles/new.html.erb within layouts/application
  Rendered articles/new.html.erb within layouts/application (Duration: 2.1ms | Allocations: 973)
  Rendered layout layouts/application.html.erb (Duration: 19.1ms | Allocations: 2295)
Completed 200 OK in 21ms (Views: 19.8ms | ActiveRecord: 0.0ms | Allocations: 2560)


Started POST "/articles" for ::1 at 2024-04-16 15:11:22 +0100
Processing by ArticlesController#create as TURBO_STREAM
  Parameters: {"authenticity_token"=>"[FILTERED]", "article"=>{"title"=>"Zelda Countdown", "body"=>"hnjkbgkjhkjhnkhlkjj"}, "commit"=>"Create Article"}
  [1m[36mTRANSACTION (0.1ms)[0m  [1m[36mbegin transaction[0m
  ↳ app/controllers/articles_controller.rb:17:in `create'
  [1m[36mArticle Create (2.1ms)[0m  [1m[32mINSERT INTO "articles" ("title", "body", "created_at", "updated_at") VALUES (?, ?, ?, ?)[0m  [["title", "Zelda Countdown"], ["body", "hnjkbgkjhkjhnkhlkjj"], ["created_at", "2024-04-16 14:11:22.089859"], ["updated_at", "2024-04-16 14:11:22.089859"]]
  ↳ app/controllers/articles_controller.rb:17:in `create'
  [1m[36mTRANSACTION (1.3ms)[0m  [1m[36mcommit transaction[0m
  ↳ app/controllers/articles_controller.rb:17:in `create'
Redirected to http://localhost:3000/articles/2
Completed 302 Found in 16ms (ActiveRecord: 3.4ms | Allocations: 2713)


Started GET "/articles/2" for ::1 at 2024-04-16 15:11:22 +0100
Processing by ArticlesController#show as TURBO_STREAM
  Parameters: {"id"=>"2"}
  [1m[36mArticle Load (0.1ms)[0m  [1m[34mSELECT "articles".* FROM "articles" WHERE "articles"."id" = ? LIMIT ?[0m  [["id", 2], ["LIMIT", 1]]
  ↳ app/controllers/articles_controller.rb:7:in `show'
  Rendering layout layouts/application.html.erb
  Rendering articles/show.html.erb within layouts/application
  Rendered articles/show.html.erb within layouts/application (Duration: 0.8ms | Allocations: 152)
  Rendered layout layouts/application.html.erb (Duration: 2.5ms | Allocations: 1650)
Completed 200 OK in 5ms (Views: 2.8ms | ActiveRecord: 0.1ms | Allocations: 2967)


Started GET "/articles" for ::1 at 2024-04-16 15:11:27 +0100
Processing by ArticlesController#index as HTML
  Rendering layout layouts/application.html.erb
  Rendering articles/index.html.erb within layouts/application
  [1m[36mArticle Load (0.2ms)[0m  [1m[34mSELECT "articles".* FROM "articles"[0m
  ↳ app/views/articles/index.html.erb:4
  Rendered articles/index.html.erb within layouts/application (Duration: 2.1ms | Allocations: 630)
  Rendered layout layouts/application.html.erb (Duration: 6.8ms | Allocations: 2099)
Completed 200 OK in 9ms (Views: 7.3ms | ActiveRecord: 0.2ms | Allocations: 2362)


Started GET "/articles/new" for ::1 at 2024-04-16 15:11:29 +0100
Processing by ArticlesController#new as HTML
  Rendering layout layouts/application.html.erb
  Rendering articles/new.html.erb within layouts/application
  Rendered articles/new.html.erb within layouts/application (Duration: 2.1ms | Allocations: 961)
  Rendered layout layouts/application.html.erb (Duration: 5.6ms | Allocations: 2283)
Completed 200 OK in 8ms (Views: 6.4ms | ActiveRecord: 0.0ms | Allocations: 2548)


Started GET "/articles/1/edit" for ::1 at 2024-04-16 15:30:45 +0100
Processing by ArticlesController#edit as HTML
  Parameters: {"id"=>"1"}
  [1m[36mArticle Load (0.1ms)[0m  [1m[34mSELECT "articles".* FROM "articles" WHERE "articles"."id" = ? LIMIT ?[0m  [["id", 1], ["LIMIT", 1]]
  ↳ app/controllers/articles_controller.rb:25:in `edit'
  Rendering layout layouts/application.html.erb
  Rendering articles/edit.html.erb within layouts/application
  Rendered articles/_form.html.erb (Duration: 1.3ms | Allocations: 1478)
  Rendered articles/edit.html.erb within layouts/application (Duration: 2.0ms | Allocations: 1720)
  Rendered layout layouts/application.html.erb (Duration: 13.9ms | Allocations: 17074)
Completed 200 OK in 20ms (Views: 15.3ms | ActiveRecord: 0.2ms | Allocations: 20679)


Started PATCH "/articles/1" for ::1 at 2024-04-16 15:30:51 +0100
Processing by ArticlesController#update as TURBO_STREAM
  Parameters: {"authenticity_token"=>"[FILTERED]", "article"=>{"title"=>"Hello Rails", "body"=>"blah blah"}, "commit"=>"Update Article", "id"=>"1"}
  [1m[36mArticle Load (0.2ms)[0m  [1m[34mSELECT "articles".* FROM "articles" WHERE "articles"."id" = ? LIMIT ?[0m  [["id", 1], ["LIMIT", 1]]
  ↳ app/controllers/articles_controller.rb:29:in `update'
  Rendering layout layouts/application.html.erb
  Rendering articles/edit.html.erb within layouts/application
  Rendered articles/_form.html.erb (Duration: 1.9ms | Allocations: 1873)
  Rendered articles/edit.html.erb within layouts/application (Duration: 2.1ms | Allocations: 1977)
  Rendered layout layouts/application.html.erb (Duration: 4.1ms | Allocations: 3291)
Completed 422 Unprocessable Entity in 8ms (Views: 4.6ms | ActiveRecord: 0.2ms | Allocations: 5181)


Started PATCH "/articles/1" for ::1 at 2024-04-16 15:30:55 +0100
Processing by ArticlesController#update as TURBO_STREAM
  Parameters: {"authenticity_token"=>"[FILTERED]", "article"=>{"title"=>"Hello Rails", "body"=>"blah blah blah"}, "commit"=>"Update Article", "id"=>"1"}
  [1m[36mArticle Load (0.2ms)[0m  [1m[34mSELECT "articles".* FROM "articles" WHERE "articles"."id" = ? LIMIT ?[0m  [["id", 1], ["LIMIT", 1]]
  ↳ app/controllers/articles_controller.rb:29:in `update'
  [1m[36mTRANSACTION (0.1ms)[0m  [1m[36mbegin transaction[0m
  ↳ app/controllers/articles_controller.rb:31:in `update'
  [1m[36mArticle Update (0.7ms)[0m  [1m[33mUPDATE "articles" SET "body" = ?, "updated_at" = ? WHERE "articles"."id" = ?[0m  [["body", "blah blah blah"], ["updated_at", "2024-04-16 14:30:55.151266"], ["id", 1]]
  ↳ app/controllers/articles_controller.rb:31:in `update'
  [1m[36mTRANSACTION (1.2ms)[0m  [1m[36mcommit transaction[0m
  ↳ app/controllers/articles_controller.rb:31:in `update'
Redirected to http://localhost:3000/articles/1
Completed 302 Found in 9ms (ActiveRecord: 2.1ms | Allocations: 2561)


Started GET "/articles/1" for ::1 at 2024-04-16 15:30:55 +0100
Processing by ArticlesController#show as TURBO_STREAM
  Parameters: {"id"=>"1"}
  [1m[36mArticle Load (0.1ms)[0m  [1m[34mSELECT "articles".* FROM "articles" WHERE "articles"."id" = ? LIMIT ?[0m  [["id", 1], ["LIMIT", 1]]
  ↳ app/controllers/articles_controller.rb:7:in `show'
  Rendering layout layouts/application.html.erb
  Rendering articles/show.html.erb within layouts/application
  Rendered articles/show.html.erb within layouts/application (Duration: 1.0ms | Allocations: 148)
  Rendered layout layouts/application.html.erb (Duration: 3.1ms | Allocations: 1616)
Completed 200 OK in 5ms (Views: 3.5ms | ActiveRecord: 0.1ms | Allocations: 2362)


Started GET "/articles/" for ::1 at 2024-04-16 15:31:00 +0100
Processing by ArticlesController#index as HTML
  Rendering layout layouts/application.html.erb
  Rendering articles/index.html.erb within layouts/application
  [1m[36mArticle Load (0.3ms)[0m  [1m[34mSELECT "articles".* FROM "articles"[0m
  ↳ app/views/articles/index.html.erb:4
  Rendered articles/index.html.erb within layouts/application (Duration: 3.4ms | Allocations: 864)
  Rendered layout layouts/application.html.erb (Duration: 7.3ms | Allocations: 2347)
Completed 200 OK in 10ms (Views: 7.8ms | ActiveRecord: 0.3ms | Allocations: 2665)


Started GET "/articles/2" for ::1 at 2024-04-16 15:31:02 +0100
Processing by ArticlesController#show as HTML
  Parameters: {"id"=>"2"}
  [1m[36mArticle Load (0.2ms)[0m  [1m[34mSELECT "articles".* FROM "articles" WHERE "articles"."id" = ? LIMIT ?[0m  [["id", 2], ["LIMIT", 1]]
  ↳ app/controllers/articles_controller.rb:7:in `show'
  Rendering layout layouts/application.html.erb
  Rendering articles/show.html.erb within layouts/application
  Rendered articles/show.html.erb within layouts/application (Duration: 0.1ms | Allocations: 11)
  Rendered layout layouts/application.html.erb (Duration: 4.6ms | Allocations: 1475)
Completed 200 OK in 8ms (Views: 5.3ms | ActiveRecord: 0.2ms | Allocations: 2164)


Started GET "/articles/1" for ::1 at 2024-04-16 15:31:02 +0100
Processing by ArticlesController#show as HTML
  Parameters: {"id"=>"1"}
  [1m[36mArticle Load (0.2ms)[0m  [1m[34mSELECT "articles".* FROM "articles" WHERE "articles"."id" = ? LIMIT ?[0m  [["id", 1], ["LIMIT", 1]]
  ↳ app/controllers/articles_controller.rb:7:in `show'
  Rendering layout layouts/application.html.erb
  Rendering articles/show.html.erb within layouts/application
  Rendered articles/show.html.erb within layouts/application (Duration: 0.1ms | Allocations: 11)
  Rendered layout layouts/application.html.erb (Duration: 15.3ms | Allocations: 1477)
Completed 200 OK in 19ms (Views: 16.0ms | ActiveRecord: 0.2ms | Allocations: 2165)


Started GET "/articles/1/edit" for ::1 at 2024-04-16 15:31:06 +0100
Processing by ArticlesController#edit as HTML
  Parameters: {"id"=>"1"}
  [1m[36mArticle Load (0.1ms)[0m  [1m[34mSELECT "articles".* FROM "articles" WHERE "articles"."id" = ? LIMIT ?[0m  [["id", 1], ["LIMIT", 1]]
  ↳ app/controllers/articles_controller.rb:25:in `edit'
  Rendering layout layouts/application.html.erb
  Rendering articles/edit.html.erb within layouts/application
  Rendered articles/_form.html.erb (Duration: 1.5ms | Allocations: 1050)
  Rendered articles/edit.html.erb within layouts/application (Duration: 1.7ms | Allocations: 1104)
  Rendered layout layouts/application.html.erb (Duration: 6.8ms | Allocations: 2418)
Completed 200 OK in 10ms (Views: 7.3ms | ActiveRecord: 0.1ms | Allocations: 3106)


Started GET "/" for ::1 at 2024-04-16 15:33:16 +0100
Processing by ArticlesController#index as HTML
  Rendering layout layouts/application.html.erb
  Rendering articles/index.html.erb within layouts/application
  [1m[36mArticle Load (0.3ms)[0m  [1m[34mSELECT "articles".* FROM "articles"[0m
  ↳ app/views/articles/index.html.erb:4
  Rendered articles/index.html.erb within layouts/application (Duration: 3.9ms | Allocations: 838)
  Rendered layout layouts/application.html.erb (Duration: 8.5ms | Allocations: 2553)
Completed 200 OK in 13ms (Views: 10.4ms | ActiveRecord: 0.3ms | Allocations: 3538)


Started GET "/articles/1" for ::1 at 2024-04-16 15:33:17 +0100
Processing by ArticlesController#show as HTML
  Parameters: {"id"=>"1"}
  [1m[36mArticle Load (0.2ms)[0m  [1m[34mSELECT "articles".* FROM "articles" WHERE "articles"."id" = ? LIMIT ?[0m  [["id", 1], ["LIMIT", 1]]
  ↳ app/controllers/articles_controller.rb:7:in `show'
  Rendering layout layouts/application.html.erb
  Rendering articles/show.html.erb within layouts/application
  Rendered articles/show.html.erb within layouts/application (Duration: 1.5ms | Allocations: 222)
  Rendered layout layouts/application.html.erb (Duration: 8.8ms | Allocations: 1701)
Completed 200 OK in 13ms (Views: 9.5ms | ActiveRecord: 0.2ms | Allocations: 2445)


Started GET "/articles/2" for ::1 at 2024-04-16 15:33:17 +0100
Processing by ArticlesController#show as HTML
  Parameters: {"id"=>"2"}
  [1m[36mArticle Load (0.1ms)[0m  [1m[34mSELECT "articles".* FROM "articles" WHERE "articles"."id" = ? LIMIT ?[0m  [["id", 2], ["LIMIT", 1]]
  ↳ app/controllers/articles_controller.rb:7:in `show'
  Rendering layout layouts/application.html.erb
  Rendering articles/show.html.erb within layouts/application
  Rendered articles/show.html.erb within layouts/application (Duration: 0.1ms | Allocations: 50)
  Rendered layout layouts/application.html.erb (Duration: 3.5ms | Allocations: 1517)
Completed 200 OK in 5ms (Views: 3.8ms | ActiveRecord: 0.1ms | Allocations: 2206)


Started GET "/articles/1" for ::1 at 2024-04-16 15:33:18 +0100
Processing by ArticlesController#show as HTML
  Parameters: {"id"=>"1"}
  [1m[36mArticle Load (0.2ms)[0m  [1m[34mSELECT "articles".* FROM "articles" WHERE "articles"."id" = ? LIMIT ?[0m  [["id", 1], ["LIMIT", 1]]
  ↳ app/controllers/articles_controller.rb:7:in `show'
  Rendering layout layouts/application.html.erb
  Rendering articles/show.html.erb within layouts/application
  Rendered articles/show.html.erb within layouts/application (Duration: 0.4ms | Allocations: 50)
  Rendered layout layouts/application.html.erb (Duration: 9.4ms | Allocations: 1513)
Completed 200 OK in 13ms (Views: 9.9ms | ActiveRecord: 0.2ms | Allocations: 2201)


Started GET "/articles/1/edit" for ::1 at 2024-04-16 15:33:19 +0100
Processing by ArticlesController#edit as HTML
  Parameters: {"id"=>"1"}
  [1m[36mArticle Load (0.2ms)[0m  [1m[34mSELECT "articles".* FROM "articles" WHERE "articles"."id" = ? LIMIT ?[0m  [["id", 1], ["LIMIT", 1]]
  ↳ app/controllers/articles_controller.rb:25:in `edit'
  Rendering layout layouts/application.html.erb
  Rendering articles/edit.html.erb within layouts/application
  Rendered articles/_form.html.erb (Duration: 2.9ms | Allocations: 1441)
  Rendered articles/edit.html.erb within layouts/application (Duration: 4.7ms | Allocations: 1680)
  Rendered layout layouts/application.html.erb (Duration: 7.9ms | Allocations: 3000)
Completed 200 OK in 12ms (Views: 8.5ms | ActiveRecord: 0.2ms | Allocations: 3743)


Started PATCH "/articles/1" for ::1 at 2024-04-16 15:33:20 +0100
Processing by ArticlesController#update as TURBO_STREAM
  Parameters: {"authenticity_token"=>"[FILTERED]", "article"=>{"title"=>"Hello Rails", "body"=>"blah blah blah"}, "commit"=>"Update Article", "id"=>"1"}
  [1m[36mArticle Load (0.2ms)[0m  [1m[34mSELECT "articles".* FROM "articles" WHERE "articles"."id" = ? LIMIT ?[0m  [["id", 1], ["LIMIT", 1]]
  ↳ app/controllers/articles_controller.rb:29:in `update'
Redirected to http://localhost:3000/articles/1
Completed 302 Found in 4ms (ActiveRecord: 0.2ms | Allocations: 986)


Started GET "/articles/1" for ::1 at 2024-04-16 15:33:20 +0100
Processing by ArticlesController#show as TURBO_STREAM
  Parameters: {"id"=>"1"}
  [1m[36mArticle Load (0.1ms)[0m  [1m[34mSELECT "articles".* FROM "articles" WHERE "articles"."id" = ? LIMIT ?[0m  [["id", 1], ["LIMIT", 1]]
  ↳ app/controllers/articles_controller.rb:7:in `show'
  Rendering layout layouts/application.html.erb
  Rendering articles/show.html.erb within layouts/application
  Rendered articles/show.html.erb within layouts/application (Duration: 0.3ms | Allocations: 52)
  Rendered layout layouts/application.html.erb (Duration: 3.1ms | Allocations: 1515)
Completed 200 OK in 5ms (Views: 3.6ms | ActiveRecord: 0.1ms | Allocations: 2256)


Started GET "/articles/1/edit" for ::1 at 2024-04-16 15:33:21 +0100
Processing by ArticlesController#edit as HTML
  Parameters: {"id"=>"1"}
  [1m[36mArticle Load (0.1ms)[0m  [1m[34mSELECT "articles".* FROM "articles" WHERE "articles"."id" = ? LIMIT ?[0m  [["id", 1], ["LIMIT", 1]]
  ↳ app/controllers/articles_controller.rb:25:in `edit'
  Rendering layout layouts/application.html.erb
  Rendering articles/edit.html.erb within layouts/application
  Rendered articles/_form.html.erb (Duration: 1.8ms | Allocations: 1050)
  Rendered articles/edit.html.erb within layouts/application (Duration: 2.0ms | Allocations: 1104)
  Rendered layout layouts/application.html.erb (Duration: 5.1ms | Allocations: 2418)
Completed 200 OK in 8ms (Views: 5.6ms | ActiveRecord: 0.1ms | Allocations: 3106)


Started PATCH "/articles/1" for ::1 at 2024-04-16 15:33:22 +0100
Processing by ArticlesController#update as TURBO_STREAM
  Parameters: {"authenticity_token"=>"[FILTERED]", "article"=>{"title"=>"Hello Rails", "body"=>"blah blah blah"}, "commit"=>"Update Article", "id"=>"1"}
  [1m[36mArticle Load (0.2ms)[0m  [1m[34mSELECT "articles".* FROM "articles" WHERE "articles"."id" = ? LIMIT ?[0m  [["id", 1], ["LIMIT", 1]]
  ↳ app/controllers/articles_controller.rb:29:in `update'
Redirected to http://localhost:3000/articles/1
Completed 302 Found in 6ms (ActiveRecord: 0.2ms | Allocations: 991)


Started GET "/articles/1" for ::1 at 2024-04-16 15:33:22 +0100
Processing by ArticlesController#show as TURBO_STREAM
  Parameters: {"id"=>"1"}
  [1m[36mArticle Load (0.1ms)[0m  [1m[34mSELECT "articles".* FROM "articles" WHERE "articles"."id" = ? LIMIT ?[0m  [["id", 1], ["LIMIT", 1]]
  ↳ app/controllers/articles_controller.rb:7:in `show'
  Rendering layout layouts/application.html.erb
  Rendering articles/show.html.erb within layouts/application
  Rendered articles/show.html.erb within layouts/application (Duration: 0.1ms | Allocations: 50)
  Rendered layout layouts/application.html.erb (Duration: 4.8ms | Allocations: 1519)
Completed 200 OK in 7ms (Views: 5.2ms | ActiveRecord: 0.1ms | Allocations: 2212)


Started GET "/articles/1/edit" for ::1 at 2024-04-16 15:33:28 +0100
Processing by ArticlesController#edit as HTML
  Parameters: {"id"=>"1"}
  [1m[36mArticle Load (0.3ms)[0m  [1m[34mSELECT "articles".* FROM "articles" WHERE "articles"."id" = ? LIMIT ?[0m  [["id", 1], ["LIMIT", 1]]
  ↳ app/controllers/articles_controller.rb:25:in `edit'
  Rendering layout layouts/application.html.erb
  Rendering articles/edit.html.erb within layouts/application
  Rendered articles/_form.html.erb (Duration: 2.2ms | Allocations: 1052)
  Rendered articles/edit.html.erb within layouts/application (Duration: 2.4ms | Allocations: 1106)
  Rendered layout layouts/application.html.erb (Duration: 8.7ms | Allocations: 2420)
Completed 200 OK in 14ms (Views: 9.5ms | ActiveRecord: 0.3ms | Allocations: 3108)


Started GET "/articles/1/edit" for ::1 at 2024-04-16 15:34:00 +0100
Processing by ArticlesController#edit as HTML
  Parameters: {"id"=>"1"}
  [1m[36mArticle Load (0.2ms)[0m  [1m[34mSELECT "articles".* FROM "articles" WHERE "articles"."id" = ? LIMIT ?[0m  [["id", 1], ["LIMIT", 1]]
  ↳ app/controllers/articles_controller.rb:25:in `edit'
  Rendering layout layouts/application.html.erb
  Rendering articles/edit.html.erb within layouts/application
  Rendered articles/_form.html.erb (Duration: 1.5ms | Allocations: 1040)
  Rendered articles/edit.html.erb within layouts/application (Duration: 1.6ms | Allocations: 1094)
  Rendered layout layouts/application.html.erb (Duration: 3.6ms | Allocations: 2408)
Completed 200 OK in 7ms (Views: 4.0ms | ActiveRecord: 0.2ms | Allocations: 3096)


Started GET "/" for ::1 at 2024-04-16 15:43:04 +0100
Processing by ArticlesController#index as HTML
  Rendering layout layouts/application.html.erb
  Rendering articles/index.html.erb within layouts/application
  [1m[36mArticle Load (0.0ms)[0m  [1m[34mSELECT "articles".* FROM "articles"[0m
  ↳ app/views/articles/index.html.erb:4
  Rendered articles/index.html.erb within layouts/application (Duration: 2.5ms | Allocations: 2020)
  Rendered layout layouts/application.html.erb (Duration: 13.6ms | Allocations: 17559)
Completed 200 OK in 19ms (Views: 14.5ms | ActiveRecord: 0.2ms | Allocations: 19047)


Started GET "/articles/1" for ::1 at 2024-04-16 15:43:05 +0100
Processing by ArticlesController#show as HTML
  Parameters: {"id"=>"1"}
  [1m[36mArticle Load (0.1ms)[0m  [1m[34mSELECT "articles".* FROM "articles" WHERE "articles"."id" = ? LIMIT ?[0m  [["id", 1], ["LIMIT", 1]]
  ↳ app/controllers/articles_controller.rb:7:in `show'
  Rendering layout layouts/application.html.erb
  Rendering articles/show.html.erb within layouts/application
  Rendered articles/show.html.erb within layouts/application (Duration: 0.6ms | Allocations: 312)
  Rendered layout layouts/application.html.erb (Duration: 11.3ms | Allocations: 1783)
Completed 200 OK in 13ms (Views: 11.6ms | ActiveRecord: 0.1ms | Allocations: 3100)


Started GET "/articles/new" for ::1 at 2024-04-16 15:43:12 +0100
Processing by ArticlesController#new as HTML
  Rendering layout layouts/application.html.erb
  Rendering articles/new.html.erb within layouts/application
  Rendered articles/_form.html.erb (Duration: 2.5ms | Allocations: 1364)
  Rendered articles/new.html.erb within layouts/application (Duration: 4.0ms | Allocations: 1603)
  Rendered layout layouts/application.html.erb (Duration: 7.4ms | Allocations: 2937)
Completed 200 OK in 9ms (Views: 7.9ms | ActiveRecord: 0.0ms | Allocations: 3258)


Started POST "/articles" for ::1 at 2024-04-16 15:43:17 +0100
Processing by ArticlesController#create as TURBO_STREAM
  Parameters: {"authenticity_token"=>"[FILTERED]", "article"=>{"title"=>"ghjfjhgfhj", "body"=>"hjgkhjgkutguktgkutgkutuktg"}, "commit"=>"Create Article"}
  [1m[36mTRANSACTION (0.1ms)[0m  [1m[36mbegin transaction[0m
  ↳ app/controllers/articles_controller.rb:17:in `create'
  [1m[36mArticle Create (0.7ms)[0m  [1m[32mINSERT INTO "articles" ("title", "body", "created_at", "updated_at") VALUES (?, ?, ?, ?)[0m  [["title", "ghjfjhgfhj"], ["body", "hjgkhjgkutguktgkutgkutuktg"], ["created_at", "2024-04-16 14:43:17.819237"], ["updated_at", "2024-04-16 14:43:17.819237"]]
  ↳ app/controllers/articles_controller.rb:17:in `create'
  [1m[36mTRANSACTION (1.2ms)[0m  [1m[36mcommit transaction[0m
  ↳ app/controllers/articles_controller.rb:17:in `create'
Redirected to http://localhost:3000/articles/3
Completed 302 Found in 8ms (ActiveRecord: 1.9ms | Allocations: 2082)


Started GET "/articles/3" for ::1 at 2024-04-16 15:43:17 +0100
Processing by ArticlesController#show as TURBO_STREAM
  Parameters: {"id"=>"3"}
  [1m[36mArticle Load (0.1ms)[0m  [1m[34mSELECT "articles".* FROM "articles" WHERE "articles"."id" = ? LIMIT ?[0m  [["id", 3], ["LIMIT", 1]]
  ↳ app/controllers/articles_controller.rb:7:in `show'
  Rendering layout layouts/application.html.erb
  Rendering articles/show.html.erb within layouts/application
  Rendered articles/show.html.erb within layouts/application (Duration: 0.2ms | Allocations: 110)
  Rendered layout layouts/application.html.erb (Duration: 2.7ms | Allocations: 1583)
Completed 200 OK in 5ms (Views: 3.1ms | ActiveRecord: 0.1ms | Allocations: 2322)


Started DELETE "/articles/3?_method=delete" for ::1 at 2024-04-16 15:43:20 +0100
Processing by ArticlesController#destroy as TURBO_STREAM
  Parameters: {"id"=>"3"}
  [1m[36mArticle Load (0.1ms)[0m  [1m[34mSELECT "articles".* FROM "articles" WHERE "articles"."id" = ? LIMIT ?[0m  [["id", 3], ["LIMIT", 1]]
  ↳ app/controllers/articles_controller.rb:39:in `destroy'
  [1m[36mTRANSACTION (0.0ms)[0m  [1m[36mbegin transaction[0m
  ↳ app/controllers/articles_controller.rb:40:in `destroy'
  [1m[36mArticle Destroy (0.2ms)[0m  [1m[31mDELETE FROM "articles" WHERE "articles"."id" = ?[0m  [["id", 3]]
  ↳ app/controllers/articles_controller.rb:40:in `destroy'
  [1m[36mTRANSACTION (0.8ms)[0m  [1m[36mcommit transaction[0m
  ↳ app/controllers/articles_controller.rb:40:in `destroy'
Redirected to http://localhost:3000/
Completed 303 See Other in 3ms (ActiveRecord: 1.2ms | Allocations: 2116)


Started GET "/" for ::1 at 2024-04-16 15:43:20 +0100
Processing by ArticlesController#index as TURBO_STREAM
  Rendering layout layouts/application.html.erb
  Rendering articles/index.html.erb within layouts/application
  [1m[36mArticle Load (0.1ms)[0m  [1m[34mSELECT "articles".* FROM "articles"[0m
  ↳ app/views/articles/index.html.erb:4
  Rendered articles/index.html.erb within layouts/application (Duration: 0.7ms | Allocations: 625)
  Rendered layout layouts/application.html.erb (Duration: 2.0ms | Allocations: 2100)
Completed 200 OK in 3ms (Views: 2.1ms | ActiveRecord: 0.1ms | Allocations: 2367)


